<?xml version="1.0" encoding="UTF-8"?>
<!-- Generated by org.testng.reporters.JUnitXMLReporter -->
<testsuite hostname="D4171551" ignored="0" name="Test" tests="4" failures="0" timestamp="10 Sep 2019 17:03:22 GMT" time="0.049" errors="0">
  <testcase name="deleteTwitter" time="0.011" classname="qaclickacademy.Mavenjava.RESTAPITest"/>
  <testcase name="postjira" time="0.001" classname="qaclickacademy.Mavenjava.RESTAPITest"/>
  <testcase name="IOSApps" time="0.001" classname="qaclickacademy.Mavenjava.AppiumTest"/>
  <testcase name="NativeAppAndroid" time="0.005" classname="qaclickacademy.Mavenjava.AppiumTest"/>
</testsuite> <!-- Test -->
