<?xml version="1.0" encoding="UTF-8"?>
<testng-results skipped="0" failed="0" ignored="0" total="4" passed="4">
  <reporter-output>
  </reporter-output>
  <suite name="Suite" duration-ms="49" started-at="2019-09-10T17:03:22Z" finished-at="2019-09-10T17:03:22Z">
    <groups>
    </groups>
    <test name="Test" duration-ms="49" started-at="2019-09-10T17:03:22Z" finished-at="2019-09-10T17:03:22Z">
      <class name="qaclickacademy.Mavenjava.AppiumTest">
        <test-method status="PASS" signature="IOSApps()[pri:0, instance:qaclickacademy.Mavenjava.AppiumTest@794cb805]" name="IOSApps" duration-ms="1" started-at="2019-09-10T13:03:22Z" finished-at="2019-09-10T13:03:22Z">
          <reporter-output>
          </reporter-output>
        </test-method> <!-- IOSApps -->
        <test-method status="PASS" signature="NativeAppAndroid()[pri:0, instance:qaclickacademy.Mavenjava.AppiumTest@794cb805]" name="NativeAppAndroid" duration-ms="5" started-at="2019-09-10T13:03:22Z" finished-at="2019-09-10T13:03:22Z">
          <reporter-output>
          </reporter-output>
        </test-method> <!-- NativeAppAndroid -->
      </class> <!-- qaclickacademy.Mavenjava.AppiumTest -->
      <class name="qaclickacademy.Mavenjava.RESTAPITest">
        <test-method status="PASS" signature="deleteTwitter()[pri:0, instance:qaclickacademy.Mavenjava.RESTAPITest@5ccddd20]" name="deleteTwitter" duration-ms="11" started-at="2019-09-10T13:03:22Z" finished-at="2019-09-10T13:03:22Z">
          <reporter-output>
          </reporter-output>
        </test-method> <!-- deleteTwitter -->
        <test-method status="PASS" signature="postjira()[pri:0, instance:qaclickacademy.Mavenjava.RESTAPITest@5ccddd20]" name="postjira" duration-ms="1" started-at="2019-09-10T13:03:22Z" finished-at="2019-09-10T13:03:22Z">
          <reporter-output>
          </reporter-output>
        </test-method> <!-- postjira -->
      </class> <!-- qaclickacademy.Mavenjava.RESTAPITest -->
    </test> <!-- Test -->
  </suite> <!-- Suite -->
</testng-results>
